<?xml version="1.0" encoding="UTF-8" ?>
<testsuite tests="45" failures="0" name="cucumberOptions.TestRunner" time="0.026" errors="0" skipped="0">
  <properties>
[...]
</properties>
  <testcase classname="Scenario: Facebook happy path login" name="Given User is on facebook home page" time="0.003"/>
  <testcase classname="Scenario: Facebook happy path login" name="When User will login with username &quot;karthik&quot; and password &quot;noone&quot;" time="0"/>
  <testcase classname="Scenario: Facebook happy path login" name="Then User will click on Login button" time="0"/>
  <testcase classname="Scenario: Facebook happy path login" name="And User will verify facebook header" time="0"/>
  <testcase classname="Scenario: Facebook happy path login" name="Scenario: Facebook happy path login" time="0.002"/>
  <testcase classname="Scenario: Facebook happy path login" name="Given Validate the browser" time="0"/>
  <testcase classname="Scenario: Facebook happy path login" name="When launch the browser" time="0"/>
  <testcase classname="Scenario: Facebook happy path login" name="Then verify the browser" time="0"/>
  <testcase classname="Scenario: Facebook happy path login" name="Given User is on facebook home page" time="0.001"/>
  <testcase classname="Scenario: Facebook happy path login" name="When User will login with username &quot;karthik&quot; and password &quot;noone&quot;" time="0"/>
  <testcase classname="Scenario: Facebook happy path login" name="Then User will click on Login button" time="0"/>
  <testcase classname="Scenario: Facebook happy path login" name="And User will verify facebook header" time="0"/>
  <testcase classname="Scenario: Facebook happy path login" name="Scenario: Facebook happy path login" time="0.001"/>
  <testcase classname="Scenario: Facebook happy path login page 2" name="Given Validate the browser" time="0"/>
  <testcase classname="Scenario: Facebook happy path login page 2" name="When launch the browser" time="0"/>
  <testcase classname="Scenario: Facebook happy path login page 2" name="Then verify the browser" time="0"/>
  <testcase classname="Scenario: Facebook happy path login page 2" name="Given User is on facebook home page" time="0"/>
  <testcase classname="Scenario: Facebook happy path login page 2" name="When User will login with username &quot;Wolverine&quot; and password &quot;noone&quot;" time="0"/>
  <testcase classname="Scenario: Facebook happy path login page 2" name="Then User will click on Login button" time="0"/>
  <testcase classname="Scenario: Facebook happy path login page 2" name="And User will verify facebook header" time="0"/>
  <testcase classname="Scenario: Facebook happy path login page 2" name="Scenario: Facebook happy path login page 2" time="0"/>
  <testcase classname="Scenario: Facebook happy path login page 3" name="Given Validate the browser" time="0"/>
  <testcase classname="Scenario: Facebook happy path login page 3" name="When launch the browser" time="0"/>
  <testcase classname="Scenario: Facebook happy path login page 3" name="Then verify the browser" time="0"/>
  <testcase classname="Scenario: Facebook happy path login page 3" name="Given User is on facebook home page" time="0"/>
  <testcase classname="Scenario: Facebook happy path login page 3" name="When User will login with following details" time="0"/>
  <testcase classname="Scenario: Facebook happy path login page 3" name="Then User will click on Login button" time="0"/>
  <testcase classname="Scenario: Facebook happy path login page 3" name="And User will verify facebook header" time="0"/>
  <testcase classname="Scenario: Facebook happy path login page 3" name="Scenario: Facebook happy path login page 3" time="0"/>
  <testcase classname="| user1 | pass1 |" name="Given Validate the browser" time="0"/>
  <testcase classname="| user1 | pass1 |" name="When launch the browser" time="0"/>
  <testcase classname="| user1 | pass1 |" name="Then verify the browser" time="0.001"/>
  <testcase classname="| user1 | pass1 |" name="Given User is on facebook home page" time="0"/>
  <testcase classname="| user1 | pass1 |" name="When User will login with following details of user1 and pass1" time="0"/>
  <testcase classname="| user1 | pass1 |" name="Then User will click on Login button" time="0"/>
  <testcase classname="| user1 | pass1 |" name="And User will verify facebook header" time="0"/>
  <testcase classname="| user1 | pass1 |" name="| user1 | pass1 |" time="0.017"/>
  <testcase classname="| user2 | pass2 |" name="Given Validate the browser" time="0"/>
  <testcase classname="| user2 | pass2 |" name="When launch the browser" time="0.001"/>
  <testcase classname="| user2 | pass2 |" name="Then verify the browser" time="0"/>
  <testcase classname="| user2 | pass2 |" name="Given User is on facebook home page" time="0"/>
  <testcase classname="| user2 | pass2 |" name="When User will login with following details of user2 and pass2" time="0"/>
  <testcase classname="| user2 | pass2 |" name="Then User will click on Login button" time="0"/>
  <testcase classname="| user2 | pass2 |" name="And User will verify facebook header" time="0"/>
  <testcase classname="| user2 | pass2 |" name="| user2 | pass2 |" time="0"/>
</testsuite>